0000-0cf7 : PCI Bus 0000:00
  0000-001f : dma1
  0020-0021 : pic1
  0040-0043 : timer0
  0050-0053 : timer1
  0060-0060 : keyboard
  0062-0062 : PNP0C09:00
    0062-0062 : EC data
  0064-0064 : keyboard
  0066-0066 : PNP0C09:00
    0066-0066 : EC cmd
  0070-0077 : rtc0
  0080-008f : dma page reg
  00a0-00a1 : pic2
  00c0-00df : dma2
  00f0-00ff : PNP0C04:00
    00f0-00ff : fpu
  0400-0453 : pnp 00:01
    0400-0403 : ACPI PM1a_EVT_BLK
    0404-0405 : ACPI PM1a_CNT_BLK
    0408-040b : ACPI PM_TMR
    0420-042f : ACPI GPE0_BLK
    0430-0433 : iTCO_wdt.3.auto
      0430-0433 : iTCO_wdt
    0450-0450 : ACPI PM2_CNT_BLK
  0454-0457 : pnp 00:02
  0458-047f : pnp 00:01
    0460-047f : iTCO_wdt.3.auto
      0460-047f : iTCO_wdt
  04d0-04d1 : pnp 00:03
  0500-057f : pnp 00:01
  0680-069f : pnp 00:01
0cf8-0cff : PCI conf1
0d00-ffff : PCI Bus 0000:00
  1000-100f : pnp 00:01
  164e-164f : pnp 00:01
  2000-2fff : PCI Bus 0000:02
    2000-20ff : 0000:02:00.0
  3000-3fff : PCI Bus 0000:01
    3000-30ff : 0000:01:00.0
  4000-403f : 0000:00:02.0
  4040-405f : 0000:00:1f.3
    4040-405f : i801_smbus
  4060-407f : 0000:00:1f.2
    4060-407f : ahci
  4080-4083 : 0000:00:1f.2
    4080-4083 : ahci
  4090-4097 : 0000:00:1f.2
    4090-4097 : ahci
  40a0-40a3 : 0000:00:1f.2
    40a0-40a3 : ahci
  40b0-40b7 : 0000:00:1f.2
    40b0-40b7 : ahci
  fd60-fd63 : pnp 00:03
  ffff-ffff : pnp 00:01
    ffff-ffff : pnp 00:01
